time="2025-02-26T19:18:34+03:00" level=debug msg="logger initialized"
time="2025-02-26T19:18:34+03:00" level=debug msg="initializing cron task"
time="2025-02-26T19:18:34+03:00" level=info msg="task scheduled"
time="2025-02-27T23:08:28+03:00" level=debug msg="logger initialized"
time="2025-02-27T23:08:28+03:00" level=info msg="connecting to db..."
time="2025-02-27T23:08:28+03:00" level=info msg="connected to db!"
time="2025-02-27T23:08:28+03:00" level=info msg="we connected to db!"
time="2025-02-27T23:08:28+03:00" level=info msg="we added some silly boi!"
time="2025-02-27T23:09:05+03:00" level=debug msg="logger initialized"
time="2025-02-27T23:09:05+03:00" level=info msg="connecting to db..."
time="2025-02-27T23:09:05+03:00" level=info msg="connected to db!"
time="2025-02-27T23:09:05+03:00" level=info msg="we connected to db!"
time="2025-02-27T23:09:05+03:00" level=info msg="we added some silly boi!"
time="2025-02-27T23:45:09+03:00" level=debug msg="logger initialized"
time="2025-02-27T23:45:09+03:00" level=info msg="connecting to db..."
time="2025-02-27T23:45:09+03:00" level=info msg="connected to db!"
time="2025-02-27T23:45:09+03:00" level=info msg="we connected to db!"
time="2025-02-27T23:45:09+03:00" level=error msg="ERROR: column \"id\" does not exist (SQLSTATE 42703)"
time="2025-02-27T23:45:26+03:00" level=debug msg="logger initialized"
time="2025-02-27T23:45:26+03:00" level=info msg="connecting to db..."
time="2025-02-27T23:45:26+03:00" level=info msg="connected to db!"
time="2025-02-27T23:45:26+03:00" level=info msg="we connected to db!"
time="2025-02-27T23:45:26+03:00" level=info msg="disconnected from db"
